<<<<<<< Updated upstream
﻿  OCRCharacter.cpp
  Generating code
  1 of 806 functions ( 0.1%) were compiled, the rest were copied from previous compilation.
    0 functions were new in current compilation
    0 functions had inline decision re-evaluated but remain unchanged
=======
﻿  Main.cpp
  OCRCharacter.cpp
  OCRNormCorr.cpp
  OCRTemplate.cpp
d:\project\code\initial_solution\initial_solution\ocrtemplate.cpp(68): warning C4267: '=': conversion from 'size_t' to 'int', possible loss of data
d:\project\code\initial_solution\initial_solution\ocrtemplate.cpp(128): warning C4244: 'argument': conversion from 'double' to 'int', possible loss of data
d:\project\code\initial_solution\initial_solution\ocrtemplate.cpp(134): warning C4244: 'argument': conversion from 'double' to 'int', possible loss of data
  Tester.cpp
  Generating code
  20 of 2596 functions ( 0.8%) were compiled, the rest were copied from previous compilation.
    11 functions were new in current compilation
    17 functions had inline decision re-evaluated but remain unchanged
>>>>>>> Stashed changes
  Finished generating code
  initial_solution.vcxproj -> D:\Project\code\initial_solution\x64\Release\initial_solution.exe
